{
  "0 debug pnpm:scope": {
    "selected": 1
  },
  "1 error pnpm": {
    "errno": 1,
    "code": "ELIFECYCLE",
    "pkgid": "obset@6.1.1",
    "stage": "prepare",
    "script": "pnpm build",
    "pkgname": "obset",
    "err": {
      "name": "pnpm",
      "message": "obset@6.1.1 prepare: `pnpm build`\nExit status 1",
      "code": "ELIFECYCLE",
      "stack": "pnpm: obset@6.1.1 prepare: `pnpm build`\nExit status 1\n    at EventEmitter.<anonymous> (C:\\Users\\WorstPractice\\AppData\\Roaming\\npm\\pnpm-global\\5\\node_modules\\.pnpm\\pnpm@6.25.1\\node_modules\\pnpm\\dist\\pnpm.cjs:104843:20)\n    at EventEmitter.emit (node:events:390:28)\n    at ChildProcess.<anonymous> (C:\\Users\\WorstPractice\\AppData\\Roaming\\npm\\pnpm-global\\5\\node_modules\\.pnpm\\pnpm@6.25.1\\node_modules\\pnpm\\dist\\pnpm.cjs:91921:18)\n    at ChildProcess.emit (node:events:390:28)\n    at maybeClose (node:internal/child_process:1062:16)\n    at Process.ChildProcess._handle.onexit (node:internal/child_process:301:5)"
    }
  },
  "2 warn pnpm:global": " Local package.json exists, but node_modules missing, did you mean to install?"
}